/opt/Synopsys/DC/auxx/gui/dv/dv_setup.tcl
/opt/Synopsys/DC/auxx/gui/syn/snpsSynProcs.tcl
/opt/Synopsys/DC/auxx/tcllib/lib/tcl8.4/package.tcl
/opt/Synopsys/DC/auxx/gui/syn/layout/pkgIndex.tcl
/opt/Synopsys/DC/auxx/gui/common/setup/pkgIndex.tcl
/opt/Synopsys/DC/auxx/gui/common/menus/pkgIndex.tcl
/opt/Synopsys/DC/auxx/gui/common/fanoutviewer/pkgIndex.tcl
/opt/Synopsys/DC/auxx/gui/common/strokes/pkgIndex.tcl
/opt/Synopsys/DC/auxx/gui/common/select/pkgIndex.tcl
/opt/Synopsys/DC/auxx/gui/common/libviewer/pkgIndex.tcl
/opt/Synopsys/DC/auxx/gui/common/regressionToolkit/pkgIndex.tcl
/opt/Synopsys/DC/auxx/gui/common/pathinspector/pkgIndex.tcl
/opt/Synopsys/DC/auxx/gui/common/WindowFrameWork/pkgIndex.tcl
/opt/Synopsys/DC/auxx/gui/common/dialogs/pkgIndex.tcl
/opt/Synopsys/DC/auxx/gui/common/docBrowser/pkgIndex.tcl
/opt/Synopsys/DC/auxx/gui/common/misc/pkgIndex.tcl
/opt/Synopsys/DC/auxx/gui/common/table/pkgIndex.tcl
/opt/Synopsys/DC/auxx/gui/common/qtcl/pkgIndex.tcl
/opt/Synopsys/DC/auxx/gui/common/histogram/pkgIndex.tcl
/opt/Synopsys/DC/auxx/gui/common/hierarchy/pkgIndex.tcl
/opt/Synopsys/DC/auxx/gui/common/profiler/pkgIndex.tcl
/opt/Synopsys/DC/auxx/gui/common/schematic/pkgIndex.tcl
/opt/Synopsys/DC/auxx/gui/common/layout/pkgIndex.tcl
/opt/Synopsys/DC/auxx/gui/common/view/pkgIndex.tcl
/opt/Synopsys/DC/auxx/gui/common/opdlg/pkgIndex.tcl
/opt/Synopsys/DC/auxx/gui/common/tcl-dp/pkgIndex.tcl
/opt/Synopsys/DC/auxx/gui/common/highlight/pkgIndex.tcl
/opt/Synopsys/DC/auxx/tcllib/snps_tcl/snpsTclPro/pkgIndex.tcl
/opt/Synopsys/DC/auxx/tcllib/snps_tcl/snpsUtils/pkgIndex.tcl
/opt/Synopsys/DC/auxx/tcllib/snps_tcl/snpsTest/pkgIndex.tcl
/opt/Synopsys/DC/auxx/tcllib/lib/tcl8.4/dde/pkgIndex.tcl
/opt/Synopsys/DC/auxx/tcllib/lib/tcl8.4/reg/pkgIndex.tcl
/opt/Synopsys/DC/auxx/tcllib/lib/tcl8.4/http/pkgIndex.tcl
/opt/Synopsys/DC/auxx/tcllib/lib/tcl8.4/msgcat/pkgIndex.tcl
/opt/Synopsys/DC/auxx/tcllib/lib/tcl8.4/tcltest/pkgIndex.tcl
/opt/Synopsys/DC/auxx/tcllib/lib/tcl8.4/http1.0/pkgIndex.tcl
/opt/Synopsys/DC/auxx/tcllib/lib/tcl8.4/opt/pkgIndex.tcl
/opt/Synopsys/DC/auxx/gui/common/setup/snpsCommonSetup.tcl
/opt/Synopsys/DC/auxx/gui/common/setup/snpsCustomize.tcl
/opt/Synopsys/DC/auxx/gui/common/setup/snpsProcheck.tcl
/opt/Synopsys/DC/auxx/gui/common/qtcl/.synopsys_qtcl.tcl
/opt/Synopsys/DC/auxx/gui/common/highlight/highlight.tcl
/opt/Synopsys/DC/auxx/gui/common/misc/base.tcl
/opt/Synopsys/DC/auxx/gui/common/misc/timing.tcl
/opt/Synopsys/DC/auxx/gui/common/misc/setting.tcl
/opt/Synopsys/DC/auxx/gui/common/docBrowser/docBrowser.tcl
/opt/Synopsys/DC/auxx/tcllib/snps_tcl/snpsUtils/snpsUtils.tcl
/opt/Synopsys/DC/auxx/gui/common/WindowFrameWork/windowFrameWork.tcl
/opt/Synopsys/DC/auxx/gui/common/WindowFrameWork/skipBusyCursorCmdList.tcl
/opt/Synopsys/DC/auxx/gui/common/dialogs/ObjectChooser.tcl
/opt/Synopsys/DC/auxx/gui/common/misc/DialogObjectChooser.tcl
/opt/Synopsys/DC/auxx/gui/common/dialogs/HistBinInformation.tcl
/opt/Synopsys/DC/auxx/gui/common/dialogs/HistBin1Information.tcl
/opt/Synopsys/DC/auxx/gui/common/dialogs/BinsOnlyInformation.tcl
/opt/Synopsys/DC/auxx/gui/common/dialogs/FileChooser.tcl
/opt/Synopsys/DC/auxx/gui/common/dialogs/PathPinSimpleInfo.tcl
/opt/Synopsys/DC/auxx/gui/common/dialogs/PathsBasicInfo.tcl
/opt/Synopsys/DC/auxx/gui/common/dialogs/PathsBasicSimpleInfo.tcl
/opt/Synopsys/DC/auxx/gui/common/dialogs/SlctOperationInfo.tcl
/opt/Synopsys/DC/auxx/gui/common/dialogs/ObjectListInfo.tcl
/opt/Synopsys/DC/auxx/gui/common/dialogs/FanInOutInfo.tcl
/opt/Synopsys/DC/auxx/gui/common/dialogs/NumberOfLevelsChooser.tcl
/opt/Synopsys/DC/auxx/gui/common/dialogs/WindowReuseInfo.tcl
/opt/Synopsys/DC/auxx/gui/common/dialogs/ReportOutputOptionInfo.tcl
/opt/Synopsys/DC/auxx/gui/common/setup/snpsCollections.tcl
/opt/Synopsys/DC/auxx/gui/common/dialogs/CompileLinkDesign.tcl
/opt/Synopsys/DC/auxx/gui/common/histogram/DialogEndpointSlack.tcl
/opt/Synopsys/DC/auxx/gui/common/histogram/DialogPathsSlack.tcl
/opt/Synopsys/DC/auxx/gui/common/histogram/DialogNetCapacitance.tcl
/opt/Synopsys/DC/auxx/gui/common/schematic/DialogPathSchematicFanInOut.tcl
/opt/Synopsys/DC/auxx/gui/common/schematic/DialogPathSchematicAddPaths.tcl
/opt/Synopsys/DC/auxx/tcllib/lib/tk8.4/tk.tcl
/opt/Synopsys/DC/auxx/tcllib/lib/tcl8.4/msgcat/msgcat.tcl
/opt/Synopsys/DC/auxx/tcllib/lib/tk8.4/button.tcl
/opt/Synopsys/DC/auxx/tcllib/lib/tk8.4/entry.tcl
/opt/Synopsys/DC/auxx/tcllib/lib/tk8.4/listbox.tcl
/opt/Synopsys/DC/auxx/tcllib/lib/tk8.4/menu.tcl
/opt/Synopsys/DC/auxx/tcllib/lib/tk8.4/panedwindow.tcl
/opt/Synopsys/DC/auxx/tcllib/lib/tk8.4/scale.tcl
/opt/Synopsys/DC/auxx/tcllib/lib/tk8.4/scrlbar.tcl
/opt/Synopsys/DC/auxx/tcllib/lib/tk8.4/spinbox.tcl
/opt/Synopsys/DC/auxx/tcllib/lib/tk8.4/text.tcl
/opt/Synopsys/DC/auxx/gui/common/histogram/base.tcl
/opt/Synopsys/DC/auxx/gui/common/profiler/base.tcl
/opt/Synopsys/DC/auxx/gui/common/schematic/base.tcl
/opt/Synopsys/DC/auxx/gui/common/select/baseInternal.tcl
/opt/Synopsys/DC/auxx/gui/common/schematic/enable.tcl
/opt/Synopsys/DC/auxx/gui/common/schematic/netlist.tcl
/opt/Synopsys/DC/auxx/gui/common/schematic/method.tcl
/opt/Synopsys/DC/auxx/gui/common/misc/createViewType.tcl
/opt/Synopsys/DC/auxx/gui/common/menus/base.tcl
/opt/Synopsys/DC/auxx/gui/common/libviewer/base.tcl
/opt/Synopsys/DC/auxx/gui/common/misc/viewmgr.tcl
/opt/Synopsys/DC/auxx/gui/common/pathinspector/base.tcl
/opt/Synopsys/DC/auxx/gui/common/pathinspector/create_window_and_menu.tcl
/opt/Synopsys/DC/auxx/gui/common/misc/infotip.tcl
/opt/Synopsys/DC/auxx/gui/common/misc/viewporthistory.tcl
/mnt/hgfs/WDIR/simpledsp/synth/compile_dc.tcl
/mnt/hgfs/WDIR/simpledsp/rtl/arith_unit.vhd
/mnt/hgfs/WDIR/simpledsp/rtl/generic_mux2x1.vhd
/mnt/hgfs/WDIR/simpledsp/rtl/generic_reg.vhd
/mnt/hgfs/WDIR/simpledsp/rtl/logic_unit.vhd
/mnt/hgfs/WDIR/simpledsp/rtl/control_unit.vhd
/mnt/hgfs/WDIR/simpledsp/rtl/datapath_unit.vhd
/mnt/hgfs/WDIR/simpledsp/rtl/simpledsp.vhd
/mnt/hgfs/WDIR/FPDK45S/osu_soc/lib/files/gscl45nm.db
/opt/Synopsys/DC/libraries/syn/dw_foundation.sldb
/opt/Synopsys/DC/libraries/syn/gtech.db
/opt/Synopsys/DC/libraries/syn/standard.sldb
/mnt/hgfs/WDIR/FPDK45S/osu_soc/lib/files/gscl45nm.db
/mnt/hgfs/WDIR/FPDK45S/osu_soc/lib/files/alib-52/gscl45nm.db.alib
/mnt/hgfs/WDIR/FPDK45S/osu_soc/lib/files/gscl45nm.db
/mnt/hgfs/WDIR/FPDK45S/osu_soc/lib/files/alib-52/gscl45nm.db.alib
/home/icic/synopsys_cache_C-2009.06-SP5/DW01/DW01_add/rpl/5/gscl45nm_7710/element.ddc
/home/icic/synopsys_cache_C-2009.06-SP5/DW01/DW01_sub/rpl/5/gscl45nm_7710/element.ddc
/mnt/hgfs/WDIR/FPDK45S/osu_soc/lib/files/gscl45nm.db
/mnt/hgfs/WDIR/FPDK45S/osu_soc/lib/files/gscl45nm.db
/mnt/hgfs/WDIR/FPDK45S/osu_soc/lib/files/alib-52/gscl45nm.db.alib
/mnt/hgfs/WDIR/FPDK45S/osu_soc/lib/files/gscl45nm.db
/mnt/hgfs/WDIR/FPDK45S/osu_soc/lib/files/gscl45nm.db
/mnt/hgfs/WDIR/FPDK45S/osu_soc/lib/files/gscl45nm.db
/opt/Synopsys/DC/libraries/syn/generic.sdb
/mnt/hgfs/WDIR/FPDK45S/osu_soc/lib/files/gscl45nm.db
/mnt/hgfs/WDIR/FPDK45S/osu_soc/lib/files/alib-52/gscl45nm.db.alib
/mnt/hgfs/WDIR/FPDK45S/osu_soc/lib/files/gscl45nm.db
/mnt/hgfs/WDIR/FPDK45S/osu_soc/lib/files/gscl45nm.db
/mnt/hgfs/WDIR/FPDK45S/osu_soc/lib/files/gscl45nm.db
/mnt/hgfs/WDIR/FPDK45S/osu_soc/lib/files/alib-52/gscl45nm.db.alib
/mnt/hgfs/WDIR/FPDK45S/osu_soc/lib/files/gscl45nm.db
/mnt/hgfs/WDIR/FPDK45S/osu_soc/lib/files/gscl45nm.db
